app/build/intermediates/manifest_merge_blame_file/debug/manifest-merger-blame-debug-report.txt
1<?xml version="1.0" encoding="utf-8"?>
2<!--
3  ~ Copyright 2018, The Android Open Source Project
4  ~
5  ~ Licensed under the Apache License, Version 2.0 (the "License");
6  ~ you may not use this file except in compliance with the License.
7  ~ You may obtain a copy of the License at
8  ~
9  ~      http://www.apache.org/licenses/LICENSE-2.0
10  ~
11  ~ Unless required by applicable law or agreed to in writing, software
12  ~ distributed under the License is distributed on an "AS IS" BASIS,
13  ~ WITHOUT WARRANTIES OR CONDITIONS OF ANY KIND, either express or implied.
14  ~ See the License for the specific language governing permissions and
15  ~ limitations under the License.
16-->
17<manifest xmlns:android="http://schemas.android.com/apk/res/android"
18    package="com.example.android.codelabs.navigation"
19    android:versionCode="1"
20    android:versionName="1.0" >
21
22    <uses-sdk
23        android:minSdkVersion="21"
23-->src/main/AndroidManifest.xml
24        android:targetSdkVersion="29" />
24-->src/main/AndroidManifest.xml
25
26    <application
26-->src/main/AndroidManifest.xml:21:5-52:19
27        android:allowBackup="false"
27-->src/main/AndroidManifest.xml:22:9-36
28        android:appComponentFactory="androidx.core.app.CoreComponentFactory"
28-->[androidx.core:core:1.1.0] AndroidManifest.xml:24:18-86
29        android:debuggable="true"
30        android:icon="@mipmap/ic_launcher"
30-->src/main/AndroidManifest.xml:23:9-43
31        android:label="@string/app_name"
31-->src/main/AndroidManifest.xml:24:9-41
32        android:supportsRtl="true"
32-->src/main/AndroidManifest.xml:25:9-35
33        android:testOnly="true"
34        android:theme="@style/AppTheme" >
34-->src/main/AndroidManifest.xml:26:9-40
35        <activity android:name="com.example.android.codelabs.navigation.MainActivity" >
35-->src/main/AndroidManifest.xml:28:9-40:20
35-->src/main/AndroidManifest.xml:28:19-47
36            <intent-filter>
36-->src/main/AndroidManifest.xml:29:13-34:29
37                <action android:name="android.intent.action.MAIN" />
37-->src/main/AndroidManifest.xml:30:17-69
37-->src/main/AndroidManifest.xml:30:25-66
38
39                <category android:name="android.intent.category.DEFAULT" />
39-->src/main/AndroidManifest.xml:32:17-76
39-->src/main/AndroidManifest.xml:32:27-73
40                <category android:name="android.intent.category.LAUNCHER" />
40-->src/main/AndroidManifest.xml:33:17-77
40-->src/main/AndroidManifest.xml:33:27-74
41            </intent-filter>
42
43            <!-- TODO STEP 11.2 -->
44            <!-- <nav-graph android:value="@navigation/mobile_navigation" /> -->
45            <!-- TODO END STEP 11.2 -->
46
47        </activity>
48
49        <receiver android:name="com.example.android.codelabs.navigation.DeepLinkAppWidgetProvider" >
49-->src/main/AndroidManifest.xml:42:9-50:20
49-->src/main/AndroidManifest.xml:42:19-60
50            <intent-filter>
50-->src/main/AndroidManifest.xml:43:13-45:29
51                <action android:name="android.appwidget.action.APPWIDGET_UPDATE" />
51-->src/main/AndroidManifest.xml:44:17-84
51-->src/main/AndroidManifest.xml:44:25-81
52            </intent-filter>
53
54            <meta-data
54-->src/main/AndroidManifest.xml:47:13-49:68
55                android:name="android.appwidget.provider"
55-->src/main/AndroidManifest.xml:48:17-58
56                android:resource="@xml/deep_link_appwidget_info" />
56-->src/main/AndroidManifest.xml:49:17-65
57        </receiver>
58    </application>
59
60</manifest>